{"/home/alvino/Desktop/hackreactor/FEC/use/FEC/client/src/components/AddAnswer.jsx": {"path":"/home/alvino/Desktop/hackreactor/FEC/use/FEC/client/src/components/AddAnswer.jsx","statementMap":{"0":{"start":{"line":3,"column":18},"end":{"line":37,"column":1}},"1":{"start":{"line":5,"column":2},"end":{"line":36,"column":4}}},"fnMap":{"0":{"name":"(anonymous_0)","decl":{"start":{"line":3,"column":18},"end":{"line":3,"column":19}},"loc":{"start":{"line":3,"column":121},"end":{"line":37,"column":1}},"line":3}},"branchMap":{},"s":{"0":1,"1":0},"f":{"0":0},"b":{},"_coverageSchema":"1a1c01bbd47fc00a2c39e90264f33305004495a9","hash":"e9bd5090a0da96d24c9c423630be23c3b356cc66"}
,"/home/alvino/Desktop/hackreactor/FEC/use/FEC/client/src/components/AddQuestion.jsx": {"path":"/home/alvino/Desktop/hackreactor/FEC/use/FEC/client/src/components/AddQuestion.jsx","statementMap":{"0":{"start":{"line":3,"column":20},"end":{"line":35,"column":1}},"1":{"start":{"line":5,"column":2},"end":{"line":34,"column":4}},"2":{"start":{"line":6,"column":47},"end":{"line":6,"column":66}}},"fnMap":{"0":{"name":"(anonymous_0)","decl":{"start":{"line":3,"column":20},"end":{"line":3,"column":21}},"loc":{"start":{"line":3,"column":123},"end":{"line":35,"column":1}},"line":3},"1":{"name":"(anonymous_1)","decl":{"start":{"line":6,"column":40},"end":{"line":6,"column":41}},"loc":{"start":{"line":6,"column":47},"end":{"line":6,"column":66}},"line":6}},"branchMap":{},"s":{"0":1,"1":0,"2":0},"f":{"0":0,"1":0},"b":{},"_coverageSchema":"1a1c01bbd47fc00a2c39e90264f33305004495a9","hash":"d82b478803df6f10fa7c6ad4c02e1658bdef82e0"}
,"/home/alvino/Desktop/hackreactor/FEC/use/FEC/client/src/components/Answer.jsx": {"path":"/home/alvino/Desktop/hackreactor/FEC/use/FEC/client/src/components/Answer.jsx","statementMap":{"0":{"start":{"line":3,"column":15},"end":{"line":14,"column":1}},"1":{"start":{"line":5,"column":2},"end":{"line":13,"column":4}}},"fnMap":{"0":{"name":"(anonymous_0)","decl":{"start":{"line":3,"column":15},"end":{"line":3,"column":16}},"loc":{"start":{"line":3,"column":68},"end":{"line":14,"column":1}},"line":3}},"branchMap":{},"s":{"0":1,"1":0},"f":{"0":0},"b":{},"_coverageSchema":"1a1c01bbd47fc00a2c39e90264f33305004495a9","hash":"3708aff4d38399825a0cf77cbc3f99db5eb00878"}
,"/home/alvino/Desktop/hackreactor/FEC/use/FEC/client/src/components/QA.jsx": {"path":"/home/alvino/Desktop/hackreactor/FEC/use/FEC/client/src/components/QA.jsx","statementMap":{"0":{"start":{"line":8,"column":11},"end":{"line":175,"column":1}},"1":{"start":{"line":9,"column":36},"end":{"line":9,"column":48}},"2":{"start":{"line":10,"column":34},"end":{"line":10,"column":46}},"3":{"start":{"line":11,"column":42},"end":{"line":11,"column":54}},"4":{"start":{"line":12,"column":38},"end":{"line":12,"column":50}},"5":{"start":{"line":13,"column":34},"end":{"line":13,"column":46}},"6":{"start":{"line":14,"column":28},"end":{"line":14,"column":40}},"7":{"start":{"line":15,"column":37},"end":{"line":15,"column":39}},"8":{"start":{"line":16,"column":31},"end":{"line":16,"column":33}},"9":{"start":{"line":17,"column":52},"end":{"line":17,"column":67}},"10":{"start":{"line":18,"column":48},"end":{"line":18,"column":63}},"11":{"start":{"line":19,"column":34},"end":{"line":19,"column":49}},"12":{"start":{"line":21,"column":2},"end":{"line":37,"column":12}},"13":{"start":{"line":23,"column":6},"end":{"line":33,"column":7}},"14":{"start":{"line":24,"column":22},"end":{"line":28,"column":9}},"15":{"start":{"line":29,"column":21},"end":{"line":29,"column":49}},"16":{"start":{"line":30,"column":8},"end":{"line":30,"column":34}},"17":{"start":{"line":32,"column":8},"end":{"line":32,"column":25}},"18":{"start":{"line":36,"column":4},"end":{"line":36,"column":21}},"19":{"start":{"line":39,"column":27},"end":{"line":61,"column":3}},"20":{"start":{"line":40,"column":4},"end":{"line":40,"column":23}},"21":{"start":{"line":41,"column":15},"end":{"line":46,"column":5}},"22":{"start":{"line":48,"column":4},"end":{"line":60,"column":5}},"23":{"start":{"line":49,"column":6},"end":{"line":57,"column":7}},"24":{"start":{"line":50,"column":22},"end":{"line":52,"column":21}},"25":{"start":{"line":51,"column":27},"end":{"line":51,"column":50}},"26":{"start":{"line":53,"column":8},"end":{"line":53,"column":58}},"27":{"start":{"line":55,"column":8},"end":{"line":55,"column":49}},"28":{"start":{"line":56,"column":8},"end":{"line":56,"column":74}},"29":{"start":{"line":59,"column":6},"end":{"line":59,"column":100}},"30":{"start":{"line":64,"column":25},"end":{"line":72,"column":3}},"31":{"start":{"line":65,"column":4},"end":{"line":65,"column":23}},"32":{"start":{"line":66,"column":15},"end":{"line":71,"column":5}},"33":{"start":{"line":74,"column":27},"end":{"line":76,"column":3}},"34":{"start":{"line":75,"column":4},"end":{"line":75,"column":36}},"35":{"start":{"line":78,"column":25},"end":{"line":80,"column":3}},"36":{"start":{"line":79,"column":4},"end":{"line":79,"column":34}},"37":{"start":{"line":82,"column":27},"end":{"line":84,"column":3}},"38":{"start":{"line":83,"column":4},"end":{"line":83,"column":32}},"39":{"start":{"line":86,"column":24},"end":{"line":88,"column":3}},"40":{"start":{"line":87,"column":4},"end":{"line":87,"column":29}},"41":{"start":{"line":90,"column":25},"end":{"line":92,"column":3}},"42":{"start":{"line":94,"column":35},"end":{"line":96,"column":3}},"43":{"start":{"line":95,"column":4},"end":{"line":95,"column":45}},"44":{"start":{"line":98,"column":32},"end":{"line":101,"column":3}},"45":{"start":{"line":99,"column":4},"end":{"line":99,"column":41}},"46":{"start":{"line":100,"column":4},"end":{"line":100,"column":26}},"47":{"start":{"line":103,"column":25},"end":{"line":105,"column":3}},"48":{"start":{"line":104,"column":4},"end":{"line":104,"column":27}},"49":{"start":{"line":107,"column":23},"end":{"line":109,"column":3}},"50":{"start":{"line":108,"column":15},"end":{"line":108,"column":27}},"51":{"start":{"line":111,"column":26},"end":{"line":113,"column":4}},"52":{"start":{"line":112,"column":4},"end":{"line":112,"column":65}},"53":{"start":{"line":115,"column":27},"end":{"line":127,"column":3}},"54":{"start":{"line":116,"column":6},"end":{"line":126,"column":8}},"55":{"start":{"line":129,"column":2},"end":{"line":174,"column":4}}},"fnMap":{"0":{"name":"(anonymous_0)","decl":{"start":{"line":8,"column":11},"end":{"line":8,"column":12}},"loc":{"start":{"line":8,"column":37},"end":{"line":175,"column":1}},"line":8},"1":{"name":"(anonymous_1)","decl":{"start":{"line":21,"column":13},"end":{"line":21,"column":14}},"loc":{"start":{"line":21,"column":19},"end":{"line":37,"column":3}},"line":21},"2":{"name":"fetchQuestions","decl":{"start":{"line":22,"column":19},"end":{"line":22,"column":33}},"loc":{"start":{"line":22,"column":36},"end":{"line":34,"column":5}},"line":22},"3":{"name":"(anonymous_3)","decl":{"start":{"line":39,"column":27},"end":{"line":39,"column":28}},"loc":{"start":{"line":39,"column":40},"end":{"line":61,"column":3}},"line":39},"4":{"name":"(anonymous_4)","decl":{"start":{"line":51,"column":18},"end":{"line":51,"column":19}},"loc":{"start":{"line":51,"column":27},"end":{"line":51,"column":50}},"line":51},"5":{"name":"(anonymous_5)","decl":{"start":{"line":64,"column":25},"end":{"line":64,"column":26}},"loc":{"start":{"line":64,"column":32},"end":{"line":72,"column":3}},"line":64},"6":{"name":"(anonymous_6)","decl":{"start":{"line":74,"column":27},"end":{"line":74,"column":28}},"loc":{"start":{"line":74,"column":34},"end":{"line":76,"column":3}},"line":74},"7":{"name":"(anonymous_7)","decl":{"start":{"line":78,"column":25},"end":{"line":78,"column":26}},"loc":{"start":{"line":78,"column":32},"end":{"line":80,"column":3}},"line":78},"8":{"name":"(anonymous_8)","decl":{"start":{"line":82,"column":27},"end":{"line":82,"column":28}},"loc":{"start":{"line":82,"column":34},"end":{"line":84,"column":3}},"line":82},"9":{"name":"(anonymous_9)","decl":{"start":{"line":86,"column":24},"end":{"line":86,"column":25}},"loc":{"start":{"line":86,"column":31},"end":{"line":88,"column":3}},"line":86},"10":{"name":"(anonymous_10)","decl":{"start":{"line":90,"column":25},"end":{"line":90,"column":26}},"loc":{"start":{"line":90,"column":32},"end":{"line":92,"column":3}},"line":90},"11":{"name":"(anonymous_11)","decl":{"start":{"line":94,"column":35},"end":{"line":94,"column":36}},"loc":{"start":{"line":94,"column":42},"end":{"line":96,"column":3}},"line":94},"12":{"name":"(anonymous_12)","decl":{"start":{"line":98,"column":32},"end":{"line":98,"column":33}},"loc":{"start":{"line":98,"column":49},"end":{"line":101,"column":3}},"line":98},"13":{"name":"(anonymous_13)","decl":{"start":{"line":103,"column":25},"end":{"line":103,"column":26}},"loc":{"start":{"line":103,"column":32},"end":{"line":105,"column":3}},"line":103},"14":{"name":"(anonymous_14)","decl":{"start":{"line":107,"column":23},"end":{"line":107,"column":24}},"loc":{"start":{"line":107,"column":33},"end":{"line":109,"column":3}},"line":107},"15":{"name":"(anonymous_15)","decl":{"start":{"line":111,"column":46},"end":{"line":111,"column":47}},"loc":{"start":{"line":111,"column":56},"end":{"line":113,"column":3}},"line":111},"16":{"name":"(anonymous_16)","decl":{"start":{"line":115,"column":47},"end":{"line":115,"column":48}},"loc":{"start":{"line":116,"column":6},"end":{"line":126,"column":8}},"line":116}},"branchMap":{"0":{"loc":{"start":{"line":49,"column":6},"end":{"line":57,"column":7}},"type":"if","locations":[{"start":{"line":49,"column":6},"end":{"line":57,"column":7}},{"start":{"line":54,"column":13},"end":{"line":57,"column":7}}],"line":49},"1":{"loc":{"start":{"line":49,"column":10},"end":{"line":49,"column":64}},"type":"binary-expr","locations":[{"start":{"line":49,"column":10},"end":{"line":49,"column":29}},{"start":{"line":49,"column":33},"end":{"line":49,"column":48}},{"start":{"line":49,"column":52},"end":{"line":49,"column":64}}],"line":49},"2":{"loc":{"start":{"line":134,"column":9},"end":{"line":134,"column":59}},"type":"cond-expr","locations":[{"start":{"line":134,"column":21},"end":{"line":134,"column":40}},{"start":{"line":134,"column":43},"end":{"line":134,"column":59}}],"line":134},"3":{"loc":{"start":{"line":135,"column":9},"end":{"line":135,"column":41}},"type":"binary-expr","locations":[{"start":{"line":135,"column":9},"end":{"line":135,"column":18}},{"start":{"line":135,"column":22},"end":{"line":135,"column":41}}],"line":135},"4":{"loc":{"start":{"line":137,"column":8},"end":{"line":138,"column":100}},"type":"binary-expr","locations":[{"start":{"line":137,"column":8},"end":{"line":137,"column":16}},{"start":{"line":137,"column":20},"end":{"line":137,"column":47}},{"start":{"line":138,"column":11},"end":{"line":138,"column":100}}],"line":137},"5":{"loc":{"start":{"line":141,"column":8},"end":{"line":142,"column":100}},"type":"binary-expr","locations":[{"start":{"line":141,"column":8},"end":{"line":141,"column":17}},{"start":{"line":141,"column":21},"end":{"line":141,"column":48}},{"start":{"line":142,"column":11},"end":{"line":142,"column":100}}],"line":141},"6":{"loc":{"start":{"line":149,"column":9},"end":{"line":159,"column":9}},"type":"binary-expr","locations":[{"start":{"line":149,"column":9},"end":{"line":149,"column":26}},{"start":{"line":149,"column":30},"end":{"line":159,"column":9}}],"line":149},"7":{"loc":{"start":{"line":161,"column":9},"end":{"line":171,"column":9}},"type":"binary-expr","locations":[{"start":{"line":161,"column":9},"end":{"line":161,"column":24}},{"start":{"line":161,"column":28},"end":{"line":171,"column":9}}],"line":161}},"s":{"0":1,"1":1,"2":1,"3":1,"4":1,"5":1,"6":1,"7":1,"8":1,"9":1,"10":1,"11":1,"12":1,"13":1,"14":1,"15":1,"16":0,"17":0,"18":1,"19":1,"20":0,"21":0,"22":0,"23":0,"24":0,"25":0,"26":0,"27":0,"28":0,"29":0,"30":1,"31":0,"32":0,"33":1,"34":0,"35":1,"36":0,"37":1,"38":0,"39":1,"40":0,"41":1,"42":1,"43":0,"44":1,"45":0,"46":0,"47":1,"48":0,"49":1,"50":0,"51":1,"52":0,"53":1,"54":0,"55":1},"f":{"0":1,"1":1,"2":1,"3":0,"4":0,"5":0,"6":0,"7":0,"8":0,"9":0,"10":0,"11":0,"12":0,"13":0,"14":0,"15":0,"16":0},"b":{"0":[0,0],"1":[0,0,0],"2":[1,0],"3":[1,1],"4":[1,0,0],"5":[1,1,0],"6":[1,0],"7":[1,0]},"_coverageSchema":"1a1c01bbd47fc00a2c39e90264f33305004495a9","hash":"18f972bb1186cf46cf136d9eec08fe03f32b89c9"}
,"/home/alvino/Desktop/hackreactor/FEC/use/FEC/client/src/components/QACard.jsx": {"path":"/home/alvino/Desktop/hackreactor/FEC/use/FEC/client/src/components/QACard.jsx","statementMap":{"0":{"start":{"line":4,"column":15},"end":{"line":40,"column":1}},"1":{"start":{"line":5,"column":32},"end":{"line":5,"column":47}},"2":{"start":{"line":7,"column":26},"end":{"line":19,"column":4}},"3":{"start":{"line":8,"column":4},"end":{"line":18,"column":7}},"4":{"start":{"line":21,"column":24},"end":{"line":23,"column":3}},"5":{"start":{"line":22,"column":4},"end":{"line":22,"column":25}},"6":{"start":{"line":25,"column":2},"end":{"line":39,"column":4}},"7":{"start":{"line":30,"column":52},"end":{"line":30,"column":86}}},"fnMap":{"0":{"name":"(anonymous_0)","decl":{"start":{"line":4,"column":15},"end":{"line":4,"column":16}},"loc":{"start":{"line":4,"column":92},"end":{"line":40,"column":1}},"line":4},"1":{"name":"(anonymous_1)","decl":{"start":{"line":7,"column":53},"end":{"line":7,"column":54}},"loc":{"start":{"line":7,"column":65},"end":{"line":19,"column":3}},"line":7},"2":{"name":"(anonymous_2)","decl":{"start":{"line":21,"column":24},"end":{"line":21,"column":25}},"loc":{"start":{"line":21,"column":31},"end":{"line":23,"column":3}},"line":21},"3":{"name":"(anonymous_3)","decl":{"start":{"line":30,"column":45},"end":{"line":30,"column":46}},"loc":{"start":{"line":30,"column":52},"end":{"line":30,"column":86}},"line":30}},"branchMap":{"0":{"loc":{"start":{"line":32,"column":7},"end":{"line":32,"column":54}},"type":"cond-expr","locations":[{"start":{"line":32,"column":18},"end":{"line":32,"column":36}},{"start":{"line":32,"column":39},"end":{"line":32,"column":54}}],"line":32},"1":{"loc":{"start":{"line":33,"column":7},"end":{"line":33,"column":37}},"type":"binary-expr","locations":[{"start":{"line":33,"column":7},"end":{"line":33,"column":15}},{"start":{"line":33,"column":19},"end":{"line":33,"column":37}}],"line":33},"2":{"loc":{"start":{"line":34,"column":7},"end":{"line":35,"column":80}},"type":"binary-expr","locations":[{"start":{"line":34,"column":7},"end":{"line":34,"column":15}},{"start":{"line":34,"column":19},"end":{"line":34,"column":45}},{"start":{"line":35,"column":9},"end":{"line":35,"column":80}}],"line":34},"3":{"loc":{"start":{"line":36,"column":7},"end":{"line":36,"column":89}},"type":"binary-expr","locations":[{"start":{"line":36,"column":7},"end":{"line":36,"column":14}},{"start":{"line":36,"column":18},"end":{"line":36,"column":89}}],"line":36}},"s":{"0":1,"1":0,"2":0,"3":0,"4":0,"5":0,"6":0,"7":0},"f":{"0":0,"1":0,"2":0,"3":0},"b":{"0":[0,0],"1":[0,0],"2":[0,0,0],"3":[0,0]},"_coverageSchema":"1a1c01bbd47fc00a2c39e90264f33305004495a9","hash":"bb247c1bce7c16efaf0ed4c7bf66c9d92e354fe8"}
}
