{"/Users/nickmonteleone/Documents/RPP2210/FEC/client/src/components/ReviewTile.jsx": {"path":"/Users/nickmonteleone/Documents/RPP2210/FEC/client/src/components/ReviewTile.jsx","statementMap":{"0":{"start":{"line":5,"column":19},"end":{"line":67,"column":1}},"1":{"start":{"line":6,"column":24},"end":{"line":6,"column":39}},"2":{"start":{"line":7,"column":30},"end":{"line":7,"column":45}},"3":{"start":{"line":8,"column":32},"end":{"line":8,"column":53}},"4":{"start":{"line":10,"column":21},"end":{"line":16,"column":3}},"5":{"start":{"line":11,"column":4},"end":{"line":15,"column":5}},"6":{"start":{"line":12,"column":6},"end":{"line":12,"column":35}},"7":{"start":{"line":13,"column":6},"end":{"line":13,"column":22}},"8":{"start":{"line":14,"column":6},"end":{"line":14,"column":30}},"9":{"start":{"line":18,"column":2},"end":{"line":66,"column":3}},"10":{"start":{"line":51,"column":31},"end":{"line":51,"column":58}},"11":{"start":{"line":51,"column":45},"end":{"line":51,"column":57}},"12":{"start":{"line":52,"column":31},"end":{"line":52,"column":44}}},"fnMap":{"0":{"name":"(anonymous_0)","decl":{"start":{"line":5,"column":19},"end":{"line":5,"column":20}},"loc":{"start":{"line":5,"column":60},"end":{"line":67,"column":1}},"line":5},"1":{"name":"(anonymous_1)","decl":{"start":{"line":10,"column":21},"end":{"line":10,"column":22}},"loc":{"start":{"line":10,"column":27},"end":{"line":16,"column":3}},"line":10},"2":{"name":"(anonymous_2)","decl":{"start":{"line":51,"column":24},"end":{"line":51,"column":25}},"loc":{"start":{"line":51,"column":30},"end":{"line":51,"column":59}},"line":51},"3":{"name":"(anonymous_3)","decl":{"start":{"line":52,"column":24},"end":{"line":52,"column":25}},"loc":{"start":{"line":52,"column":30},"end":{"line":52,"column":45}},"line":52}},"branchMap":{"0":{"loc":{"start":{"line":11,"column":4},"end":{"line":15,"column":5}},"type":"if","locations":[{"start":{"line":11,"column":4},"end":{"line":15,"column":5}},{"start":{},"end":{}}],"line":11},"1":{"loc":{"start":{"line":31,"column":11},"end":{"line":31,"column":81}},"type":"cond-expr","locations":[{"start":{"line":31,"column":34},"end":{"line":31,"column":67}},{"start":{"line":31,"column":70},"end":{"line":31,"column":81}}],"line":31},"2":{"loc":{"start":{"line":39,"column":9},"end":{"line":39,"column":61}},"type":"cond-expr","locations":[{"start":{"line":39,"column":28},"end":{"line":39,"column":56}},{"start":{"line":39,"column":59},"end":{"line":39,"column":61}}],"line":39},"3":{"loc":{"start":{"line":49,"column":17},"end":{"line":49,"column":76}},"type":"cond-expr","locations":[{"start":{"line":49,"column":23},"end":{"line":49,"column":42}},{"start":{"line":49,"column":45},"end":{"line":49,"column":76}}],"line":49},"4":{"loc":{"start":{"line":51,"column":31},"end":{"line":51,"column":58}},"type":"if","locations":[{"start":{"line":51,"column":31},"end":{"line":51,"column":58}},{"start":{},"end":{}}],"line":51}},"s":{"0":1,"1":0,"2":0,"3":0,"4":0,"5":0,"6":0,"7":0,"8":0,"9":0,"10":0,"11":0,"12":0},"f":{"0":0,"1":0,"2":0,"3":0},"b":{"0":[0,0],"1":[0,0],"2":[0,0],"3":[0,0],"4":[0,0]},"_coverageSchema":"1a1c01bbd47fc00a2c39e90264f33305004495a9","hash":"1d6e0243e1384b123178e7f0edcdb7002c123868"}
,"/Users/nickmonteleone/Documents/RPP2210/FEC/client/src/components/Reviews.jsx": {"path":"/Users/nickmonteleone/Documents/RPP2210/FEC/client/src/components/Reviews.jsx","statementMap":{"0":{"start":{"line":11,"column":16},"end":{"line":169,"column":1}},"1":{"start":{"line":13,"column":32},"end":{"line":13,"column":44}},"2":{"start":{"line":14,"column":28},"end":{"line":14,"column":39}},"3":{"start":{"line":15,"column":26},"end":{"line":15,"column":38}},"4":{"start":{"line":16,"column":28},"end":{"line":16,"column":39}},"5":{"start":{"line":17,"column":32},"end":{"line":17,"column":43}},"6":{"start":{"line":18,"column":26},"end":{"line":18,"column":47}},"7":{"start":{"line":19,"column":32},"end":{"line":19,"column":44}},"8":{"start":{"line":21,"column":22},"end":{"line":21,"column":32}},"9":{"start":{"line":23,"column":18},"end":{"line":27,"column":3}},"10":{"start":{"line":29,"column":21},"end":{"line":44,"column":3}},"11":{"start":{"line":31,"column":18},"end":{"line":35,"column":5}},"12":{"start":{"line":37,"column":4},"end":{"line":42,"column":7}},"13":{"start":{"line":38,"column":6},"end":{"line":38,"column":38}},"14":{"start":{"line":41,"column":6},"end":{"line":41,"column":50}},"15":{"start":{"line":47,"column":18},"end":{"line":52,"column":3}},"16":{"start":{"line":48,"column":4},"end":{"line":51,"column":7}},"17":{"start":{"line":49,"column":6},"end":{"line":49,"column":27}},"18":{"start":{"line":50,"column":6},"end":{"line":50,"column":34}},"19":{"start":{"line":54,"column":21},"end":{"line":59,"column":3}},"20":{"start":{"line":57,"column":4},"end":{"line":57,"column":20}},"21":{"start":{"line":58,"column":4},"end":{"line":58,"column":22}},"22":{"start":{"line":61,"column":21},"end":{"line":65,"column":3}},"23":{"start":{"line":62,"column":4},"end":{"line":64,"column":7}},"24":{"start":{"line":63,"column":6},"end":{"line":63,"column":54}},"25":{"start":{"line":67,"column":21},"end":{"line":70,"column":3}},"26":{"start":{"line":68,"column":4},"end":{"line":68,"column":32}},"27":{"start":{"line":69,"column":4},"end":{"line":69,"column":36}},"28":{"start":{"line":72,"column":23},"end":{"line":87,"column":3}},"29":{"start":{"line":73,"column":4},"end":{"line":73,"column":17}},"30":{"start":{"line":74,"column":4},"end":{"line":86,"column":5}},"31":{"start":{"line":75,"column":6},"end":{"line":79,"column":9}},"32":{"start":{"line":76,"column":25},"end":{"line":76,"column":41}},"33":{"start":{"line":77,"column":8},"end":{"line":77,"column":63}},"34":{"start":{"line":78,"column":8},"end":{"line":78,"column":26}},"35":{"start":{"line":81,"column":6},"end":{"line":85,"column":9}},"36":{"start":{"line":82,"column":25},"end":{"line":82,"column":41}},"37":{"start":{"line":83,"column":8},"end":{"line":83,"column":38}},"38":{"start":{"line":84,"column":8},"end":{"line":84,"column":26}},"39":{"start":{"line":89,"column":2},"end":{"line":93,"column":17}},"40":{"start":{"line":90,"column":4},"end":{"line":92,"column":5}},"41":{"start":{"line":91,"column":6},"end":{"line":91,"column":24}},"42":{"start":{"line":95,"column":2},"end":{"line":100,"column":21}},"43":{"start":{"line":96,"column":4},"end":{"line":99,"column":5}},"44":{"start":{"line":97,"column":6},"end":{"line":97,"column":48}},"45":{"start":{"line":98,"column":6},"end":{"line":98,"column":55}},"46":{"start":{"line":102,"column":2},"end":{"line":104,"column":16}},"47":{"start":{"line":103,"column":4},"end":{"line":103,"column":25}},"48":{"start":{"line":107,"column":22},"end":{"line":143,"column":3}},"49":{"start":{"line":109,"column":4},"end":{"line":142,"column":5}},"50":{"start":{"line":110,"column":6},"end":{"line":119,"column":10}},"51":{"start":{"line":111,"column":29},"end":{"line":111,"column":42}},"52":{"start":{"line":112,"column":8},"end":{"line":118,"column":9}},"53":{"start":{"line":113,"column":10},"end":{"line":113,"column":19}},"54":{"start":{"line":114,"column":15},"end":{"line":118,"column":9}},"55":{"start":{"line":115,"column":10},"end":{"line":115,"column":20}},"56":{"start":{"line":117,"column":10},"end":{"line":117,"column":19}},"57":{"start":{"line":120,"column":11},"end":{"line":142,"column":5}},"58":{"start":{"line":121,"column":6},"end":{"line":131,"column":10}},"59":{"start":{"line":122,"column":20},"end":{"line":122,"column":70}},"60":{"start":{"line":123,"column":21},"end":{"line":123,"column":71}},"61":{"start":{"line":124,"column":8},"end":{"line":130,"column":9}},"62":{"start":{"line":125,"column":10},"end":{"line":125,"column":19}},"63":{"start":{"line":126,"column":15},"end":{"line":130,"column":9}},"64":{"start":{"line":127,"column":10},"end":{"line":127,"column":20}},"65":{"start":{"line":129,"column":10},"end":{"line":129,"column":19}},"66":{"start":{"line":132,"column":11},"end":{"line":142,"column":5}},"67":{"start":{"line":133,"column":6},"end":{"line":141,"column":10}},"68":{"start":{"line":134,"column":8},"end":{"line":140,"column":9}},"69":{"start":{"line":135,"column":10},"end":{"line":135,"column":19}},"70":{"start":{"line":136,"column":15},"end":{"line":140,"column":9}},"71":{"start":{"line":137,"column":10},"end":{"line":137,"column":20}},"72":{"start":{"line":139,"column":10},"end":{"line":139,"column":19}},"73":{"start":{"line":146,"column":2},"end":{"line":168,"column":3}}},"fnMap":{"0":{"name":"(anonymous_0)","decl":{"start":{"line":11,"column":16},"end":{"line":11,"column":17}},"loc":{"start":{"line":11,"column":27},"end":{"line":169,"column":1}},"line":11},"1":{"name":"(anonymous_1)","decl":{"start":{"line":29,"column":21},"end":{"line":29,"column":22}},"loc":{"start":{"line":29,"column":33},"end":{"line":44,"column":3}},"line":29},"2":{"name":"(anonymous_2)","decl":{"start":{"line":37,"column":32},"end":{"line":37,"column":33}},"loc":{"start":{"line":37,"column":44},"end":{"line":39,"column":5}},"line":37},"3":{"name":"(anonymous_3)","decl":{"start":{"line":40,"column":11},"end":{"line":40,"column":12}},"loc":{"start":{"line":40,"column":18},"end":{"line":42,"column":5}},"line":40},"4":{"name":"(anonymous_4)","decl":{"start":{"line":47,"column":18},"end":{"line":47,"column":19}},"loc":{"start":{"line":47,"column":24},"end":{"line":52,"column":3}},"line":47},"5":{"name":"(anonymous_5)","decl":{"start":{"line":48,"column":59},"end":{"line":48,"column":60}},"loc":{"start":{"line":48,"column":71},"end":{"line":51,"column":5}},"line":48},"6":{"name":"(anonymous_6)","decl":{"start":{"line":54,"column":21},"end":{"line":54,"column":22}},"loc":{"start":{"line":54,"column":27},"end":{"line":59,"column":3}},"line":54},"7":{"name":"(anonymous_7)","decl":{"start":{"line":61,"column":21},"end":{"line":61,"column":22}},"loc":{"start":{"line":61,"column":29},"end":{"line":65,"column":3}},"line":61},"8":{"name":"(anonymous_8)","decl":{"start":{"line":62,"column":53},"end":{"line":62,"column":54}},"loc":{"start":{"line":62,"column":59},"end":{"line":64,"column":5}},"line":62},"9":{"name":"(anonymous_9)","decl":{"start":{"line":67,"column":21},"end":{"line":67,"column":22}},"loc":{"start":{"line":67,"column":32},"end":{"line":70,"column":3}},"line":67},"10":{"name":"(anonymous_10)","decl":{"start":{"line":72,"column":23},"end":{"line":72,"column":24}},"loc":{"start":{"line":72,"column":33},"end":{"line":87,"column":3}},"line":72},"11":{"name":"(anonymous_11)","decl":{"start":{"line":75,"column":17},"end":{"line":75,"column":18}},"loc":{"start":{"line":75,"column":34},"end":{"line":79,"column":7}},"line":75},"12":{"name":"(anonymous_12)","decl":{"start":{"line":81,"column":17},"end":{"line":81,"column":18}},"loc":{"start":{"line":81,"column":34},"end":{"line":85,"column":7}},"line":81},"13":{"name":"(anonymous_13)","decl":{"start":{"line":89,"column":12},"end":{"line":89,"column":13}},"loc":{"start":{"line":89,"column":18},"end":{"line":93,"column":3}},"line":89},"14":{"name":"(anonymous_14)","decl":{"start":{"line":95,"column":12},"end":{"line":95,"column":13}},"loc":{"start":{"line":95,"column":18},"end":{"line":100,"column":3}},"line":95},"15":{"name":"(anonymous_15)","decl":{"start":{"line":102,"column":12},"end":{"line":102,"column":13}},"loc":{"start":{"line":102,"column":18},"end":{"line":104,"column":3}},"line":102},"16":{"name":"(anonymous_16)","decl":{"start":{"line":107,"column":22},"end":{"line":107,"column":23}},"loc":{"start":{"line":107,"column":29},"end":{"line":143,"column":3}},"line":107},"17":{"name":"(anonymous_17)","decl":{"start":{"line":110,"column":30},"end":{"line":110,"column":31}},"loc":{"start":{"line":110,"column":40},"end":{"line":119,"column":7}},"line":110},"18":{"name":"(anonymous_18)","decl":{"start":{"line":121,"column":30},"end":{"line":121,"column":31}},"loc":{"start":{"line":121,"column":40},"end":{"line":131,"column":7}},"line":121},"19":{"name":"(anonymous_19)","decl":{"start":{"line":133,"column":30},"end":{"line":133,"column":31}},"loc":{"start":{"line":133,"column":40},"end":{"line":141,"column":7}},"line":133}},"branchMap":{"0":{"loc":{"start":{"line":74,"column":4},"end":{"line":86,"column":5}},"type":"if","locations":[{"start":{"line":74,"column":4},"end":{"line":86,"column":5}},{"start":{"line":80,"column":11},"end":{"line":86,"column":5}}],"line":74},"1":{"loc":{"start":{"line":90,"column":4},"end":{"line":92,"column":5}},"type":"if","locations":[{"start":{"line":90,"column":4},"end":{"line":92,"column":5}},{"start":{},"end":{}}],"line":90},"2":{"loc":{"start":{"line":96,"column":4},"end":{"line":99,"column":5}},"type":"if","locations":[{"start":{"line":96,"column":4},"end":{"line":99,"column":5}},{"start":{},"end":{}}],"line":96},"3":{"loc":{"start":{"line":109,"column":4},"end":{"line":142,"column":5}},"type":"if","locations":[{"start":{"line":109,"column":4},"end":{"line":142,"column":5}},{"start":{"line":120,"column":11},"end":{"line":142,"column":5}}],"line":109},"4":{"loc":{"start":{"line":112,"column":8},"end":{"line":118,"column":9}},"type":"if","locations":[{"start":{"line":112,"column":8},"end":{"line":118,"column":9}},{"start":{"line":114,"column":15},"end":{"line":118,"column":9}}],"line":112},"5":{"loc":{"start":{"line":114,"column":15},"end":{"line":118,"column":9}},"type":"if","locations":[{"start":{"line":114,"column":15},"end":{"line":118,"column":9}},{"start":{"line":116,"column":15},"end":{"line":118,"column":9}}],"line":114},"6":{"loc":{"start":{"line":120,"column":11},"end":{"line":142,"column":5}},"type":"if","locations":[{"start":{"line":120,"column":11},"end":{"line":142,"column":5}},{"start":{"line":132,"column":11},"end":{"line":142,"column":5}}],"line":120},"7":{"loc":{"start":{"line":124,"column":8},"end":{"line":130,"column":9}},"type":"if","locations":[{"start":{"line":124,"column":8},"end":{"line":130,"column":9}},{"start":{"line":126,"column":15},"end":{"line":130,"column":9}}],"line":124},"8":{"loc":{"start":{"line":126,"column":15},"end":{"line":130,"column":9}},"type":"if","locations":[{"start":{"line":126,"column":15},"end":{"line":130,"column":9}},{"start":{"line":128,"column":15},"end":{"line":130,"column":9}}],"line":126},"9":{"loc":{"start":{"line":132,"column":11},"end":{"line":142,"column":5}},"type":"if","locations":[{"start":{"line":132,"column":11},"end":{"line":142,"column":5}},{"start":{},"end":{}}],"line":132},"10":{"loc":{"start":{"line":134,"column":8},"end":{"line":140,"column":9}},"type":"if","locations":[{"start":{"line":134,"column":8},"end":{"line":140,"column":9}},{"start":{"line":136,"column":15},"end":{"line":140,"column":9}}],"line":134},"11":{"loc":{"start":{"line":136,"column":15},"end":{"line":140,"column":9}},"type":"if","locations":[{"start":{"line":136,"column":15},"end":{"line":140,"column":9}},{"start":{"line":138,"column":15},"end":{"line":140,"column":9}}],"line":136},"12":{"loc":{"start":{"line":149,"column":9},"end":{"line":150,"column":12}},"type":"cond-expr","locations":[{"start":{"line":149,"column":21},"end":{"line":149,"column":109}},{"start":{"line":150,"column":10},"end":{"line":150,"column":12}}],"line":149},"13":{"loc":{"start":{"line":164,"column":9},"end":{"line":165,"column":12}},"type":"cond-expr","locations":[{"start":{"line":164,"column":19},"end":{"line":164,"column":131}},{"start":{"line":165,"column":10},"end":{"line":165,"column":12}}],"line":164}},"s":{"0":1,"1":0,"2":0,"3":0,"4":0,"5":0,"6":0,"7":0,"8":0,"9":0,"10":0,"11":0,"12":0,"13":0,"14":0,"15":0,"16":0,"17":0,"18":0,"19":0,"20":0,"21":0,"22":0,"23":0,"24":0,"25":0,"26":0,"27":0,"28":0,"29":0,"30":0,"31":0,"32":0,"33":0,"34":0,"35":0,"36":0,"37":0,"38":0,"39":0,"40":0,"41":0,"42":0,"43":0,"44":0,"45":0,"46":0,"47":0,"48":0,"49":0,"50":0,"51":0,"52":0,"53":0,"54":0,"55":0,"56":0,"57":0,"58":0,"59":0,"60":0,"61":0,"62":0,"63":0,"64":0,"65":0,"66":0,"67":0,"68":0,"69":0,"70":0,"71":0,"72":0,"73":0},"f":{"0":0,"1":0,"2":0,"3":0,"4":0,"5":0,"6":0,"7":0,"8":0,"9":0,"10":0,"11":0,"12":0,"13":0,"14":0,"15":0,"16":0,"17":0,"18":0,"19":0},"b":{"0":[0,0],"1":[0,0],"2":[0,0],"3":[0,0],"4":[0,0],"5":[0,0],"6":[0,0],"7":[0,0],"8":[0,0],"9":[0,0],"10":[0,0],"11":[0,0],"12":[0,0],"13":[0,0]},"_coverageSchema":"1a1c01bbd47fc00a2c39e90264f33305004495a9","hash":"200be6b2be7ba33fad566256a4329fb379c94809"}
,"/Users/nickmonteleone/Documents/RPP2210/FEC/client/src/components/ReviewsList.jsx": {"path":"/Users/nickmonteleone/Documents/RPP2210/FEC/client/src/components/ReviewsList.jsx","statementMap":{"0":{"start":{"line":4,"column":20},"end":{"line":29,"column":1}},"1":{"start":{"line":5,"column":21},"end":{"line":7,"column":3}},"2":{"start":{"line":6,"column":4},"end":{"line":6,"column":21}},"3":{"start":{"line":8,"column":2},"end":{"line":28,"column":3}},"4":{"start":{"line":12,"column":10},"end":{"line":17,"column":11}},"5":{"start":{"line":13,"column":12},"end":{"line":13,"column":39}},"6":{"start":{"line":14,"column":12},"end":{"line":16,"column":13}},"7":{"start":{"line":15,"column":14},"end":{"line":15,"column":21}},"8":{"start":{"line":18,"column":10},"end":{"line":18,"column":135}}},"fnMap":{"0":{"name":"(anonymous_0)","decl":{"start":{"line":4,"column":20},"end":{"line":4,"column":21}},"loc":{"start":{"line":4,"column":31},"end":{"line":29,"column":1}},"line":4},"1":{"name":"(anonymous_1)","decl":{"start":{"line":5,"column":21},"end":{"line":5,"column":22}},"loc":{"start":{"line":5,"column":27},"end":{"line":7,"column":3}},"line":5},"2":{"name":"(anonymous_2)","decl":{"start":{"line":11,"column":27},"end":{"line":11,"column":28}},"loc":{"start":{"line":11,"column":39},"end":{"line":19,"column":9}},"line":11}},"branchMap":{"0":{"loc":{"start":{"line":12,"column":10},"end":{"line":17,"column":11}},"type":"if","locations":[{"start":{"line":12,"column":10},"end":{"line":17,"column":11}},{"start":{},"end":{}}],"line":12},"1":{"loc":{"start":{"line":14,"column":12},"end":{"line":16,"column":13}},"type":"if","locations":[{"start":{"line":14,"column":12},"end":{"line":16,"column":13}},{"start":{},"end":{}}],"line":14}},"s":{"0":1,"1":0,"2":0,"3":0,"4":0,"5":0,"6":0,"7":0,"8":0},"f":{"0":0,"1":0,"2":0},"b":{"0":[0,0],"1":[0,0]},"_coverageSchema":"1a1c01bbd47fc00a2c39e90264f33305004495a9","hash":"8e5b839b157c20473a66cf3803899e7450236e69"}
,"/Users/nickmonteleone/Documents/RPP2210/FEC/client/src/components/ReviewsNew.jsx": {"path":"/Users/nickmonteleone/Documents/RPP2210/FEC/client/src/components/ReviewsNew.jsx","statementMap":{"0":{"start":{"line":4,"column":19},"end":{"line":10,"column":1}},"1":{"start":{"line":5,"column":2},"end":{"line":9,"column":3}}},"fnMap":{"0":{"name":"(anonymous_0)","decl":{"start":{"line":4,"column":19},"end":{"line":4,"column":20}},"loc":{"start":{"line":4,"column":30},"end":{"line":10,"column":1}},"line":4}},"branchMap":{},"s":{"0":1,"1":0},"f":{"0":0},"b":{},"_coverageSchema":"1a1c01bbd47fc00a2c39e90264f33305004495a9","hash":"4e6009b8251155a628674d6ba233d7b19e7cc6dd"}
,"/Users/nickmonteleone/Documents/RPP2210/FEC/client/src/components/ReviewsOverview.jsx": {"path":"/Users/nickmonteleone/Documents/RPP2210/FEC/client/src/components/ReviewsOverview.jsx","statementMap":{"0":{"start":{"line":5,"column":18},"end":{"line":12,"column":1}},"1":{"start":{"line":14,"column":20},"end":{"line":125,"column":1}},"2":{"start":{"line":15,"column":28},"end":{"line":15,"column":39}},"3":{"start":{"line":17,"column":24},"end":{"line":17,"column":84}},"4":{"start":{"line":20,"column":2},"end":{"line":23,"column":16}},"5":{"start":{"line":21,"column":4},"end":{"line":21,"column":57}},"6":{"start":{"line":25,"column":2},"end":{"line":124,"column":3}},"7":{"start":{"line":47,"column":10},"end":{"line":65,"column":12}},"8":{"start":{"line":52,"column":37},"end":{"line":52,"column":69}},"9":{"start":{"line":53,"column":37},"end":{"line":53,"column":70}},"10":{"start":{"line":54,"column":32},"end":{"line":54,"column":50}},"11":{"start":{"line":70,"column":10},"end":{"line":120,"column":11}},"12":{"start":{"line":81,"column":18},"end":{"line":112,"column":19}},"13":{"start":{"line":82,"column":20},"end":{"line":97,"column":22}},"14":{"start":{"line":99,"column":20},"end":{"line":111,"column":21}}},"fnMap":{"0":{"name":"(anonymous_0)","decl":{"start":{"line":14,"column":20},"end":{"line":14,"column":21}},"loc":{"start":{"line":14,"column":60},"end":{"line":125,"column":1}},"line":14},"1":{"name":"(anonymous_1)","decl":{"start":{"line":20,"column":12},"end":{"line":20,"column":13}},"loc":{"start":{"line":20,"column":18},"end":{"line":23,"column":3}},"line":20},"2":{"name":"(anonymous_2)","decl":{"start":{"line":46,"column":39},"end":{"line":46,"column":40}},"loc":{"start":{"line":46,"column":51},"end":{"line":66,"column":9}},"line":46},"3":{"name":"(anonymous_3)","decl":{"start":{"line":52,"column":30},"end":{"line":52,"column":31}},"loc":{"start":{"line":52,"column":36},"end":{"line":52,"column":70}},"line":52},"4":{"name":"(anonymous_4)","decl":{"start":{"line":53,"column":30},"end":{"line":53,"column":31}},"loc":{"start":{"line":53,"column":36},"end":{"line":53,"column":71}},"line":53},"5":{"name":"(anonymous_5)","decl":{"start":{"line":54,"column":25},"end":{"line":54,"column":26}},"loc":{"start":{"line":54,"column":31},"end":{"line":54,"column":51}},"line":54},"6":{"name":"(anonymous_6)","decl":{"start":{"line":69,"column":47},"end":{"line":69,"column":48}},"loc":{"start":{"line":69,"column":58},"end":{"line":121,"column":9}},"line":69},"7":{"name":"(anonymous_7)","decl":{"start":{"line":79,"column":38},"end":{"line":79,"column":39}},"loc":{"start":{"line":79,"column":55},"end":{"line":113,"column":17}},"line":79}},"branchMap":{"0":{"loc":{"start":{"line":51,"column":23},"end":{"line":51,"column":90}},"type":"cond-expr","locations":[{"start":{"line":51,"column":37},"end":{"line":51,"column":56}},{"start":{"line":51,"column":59},"end":{"line":51,"column":90}}],"line":51},"1":{"loc":{"start":{"line":81,"column":18},"end":{"line":112,"column":19}},"type":"if","locations":[{"start":{"line":81,"column":18},"end":{"line":112,"column":19}},{"start":{"line":98,"column":25},"end":{"line":112,"column":19}}],"line":81}},"s":{"0":1,"1":1,"2":0,"3":0,"4":0,"5":0,"6":0,"7":0,"8":0,"9":0,"10":0,"11":0,"12":0,"13":0,"14":0},"f":{"0":0,"1":0,"2":0,"3":0,"4":0,"5":0,"6":0,"7":0},"b":{"0":[0,0],"1":[0,0]},"_coverageSchema":"1a1c01bbd47fc00a2c39e90264f33305004495a9","hash":"924b859b0cd195491f87d3baec66505e1649b868"}
,"/Users/nickmonteleone/Documents/RPP2210/FEC/client/src/components/ShadedStar.jsx": {"path":"/Users/nickmonteleone/Documents/RPP2210/FEC/client/src/components/ShadedStar.jsx","statementMap":{"0":{"start":{"line":3,"column":25},"end":{"line":42,"column":1}},"1":{"start":{"line":4,"column":20},"end":{"line":8,"column":3}},"2":{"start":{"line":10,"column":19},"end":{"line":10,"column":35}},"3":{"start":{"line":12,"column":2},"end":{"line":41,"column":3}},"4":{"start":{"line":13,"column":4},"end":{"line":38,"column":14}},"5":{"start":{"line":40,"column":4},"end":{"line":40,"column":67}}},"fnMap":{"0":{"name":"(anonymous_0)","decl":{"start":{"line":3,"column":25},"end":{"line":3,"column":26}},"loc":{"start":{"line":3,"column":38},"end":{"line":42,"column":1}},"line":3}},"branchMap":{"0":{"loc":{"start":{"line":12,"column":2},"end":{"line":41,"column":3}},"type":"if","locations":[{"start":{"line":12,"column":2},"end":{"line":41,"column":3}},{"start":{"line":39,"column":9},"end":{"line":41,"column":3}}],"line":12}},"s":{"0":1,"1":0,"2":0,"3":0,"4":0,"5":0},"f":{"0":0},"b":{"0":[0,0]},"_coverageSchema":"1a1c01bbd47fc00a2c39e90264f33305004495a9","hash":"afd287cb474db8505a0ba3ff79e67b73248fe2ca"}
,"/Users/nickmonteleone/Documents/RPP2210/FEC/client/src/lib/averageCalc.jsx": {"path":"/Users/nickmonteleone/Documents/RPP2210/FEC/client/src/lib/averageCalc.jsx","statementMap":{"0":{"start":{"line":1,"column":25},"end":{"line":11,"column":1}},"1":{"start":{"line":2,"column":2},"end":{"line":4,"column":3}},"2":{"start":{"line":3,"column":4},"end":{"line":3,"column":13}},"3":{"start":{"line":6,"column":22},"end":{"line":8,"column":7}},"4":{"start":{"line":7,"column":4},"end":{"line":7,"column":65}},"5":{"start":{"line":9,"column":17},"end":{"line":9,"column":34}},"6":{"start":{"line":10,"column":2},"end":{"line":10,"column":16}}},"fnMap":{"0":{"name":"(anonymous_0)","decl":{"start":{"line":1,"column":25},"end":{"line":1,"column":26}},"loc":{"start":{"line":1,"column":42},"end":{"line":11,"column":1}},"line":1},"1":{"name":"(anonymous_1)","decl":{"start":{"line":6,"column":55},"end":{"line":6,"column":56}},"loc":{"start":{"line":6,"column":72},"end":{"line":8,"column":3}},"line":6}},"branchMap":{"0":{"loc":{"start":{"line":2,"column":2},"end":{"line":4,"column":3}},"type":"if","locations":[{"start":{"line":2,"column":2},"end":{"line":4,"column":3}},{"start":{},"end":{}}],"line":2}},"s":{"0":1,"1":5,"2":1,"3":4,"4":20,"5":4,"6":4},"f":{"0":5,"1":20},"b":{"0":[1,4]},"_coverageSchema":"1a1c01bbd47fc00a2c39e90264f33305004495a9","hash":"4c515197a421e88d8854e71b0524ff0e49e4b8f8"}
,"/Users/nickmonteleone/Documents/RPP2210/FEC/client/src/lib/percentHelper.jsx": {"path":"/Users/nickmonteleone/Documents/RPP2210/FEC/client/src/lib/percentHelper.jsx","statementMap":{"0":{"start":{"line":1,"column":22},"end":{"line":6,"column":1}},"1":{"start":{"line":2,"column":2},"end":{"line":4,"column":3}},"2":{"start":{"line":3,"column":4},"end":{"line":3,"column":57}},"3":{"start":{"line":5,"column":2},"end":{"line":5,"column":47}}},"fnMap":{"0":{"name":"(anonymous_0)","decl":{"start":{"line":1,"column":22},"end":{"line":1,"column":23}},"loc":{"start":{"line":1,"column":47},"end":{"line":6,"column":1}},"line":1}},"branchMap":{"0":{"loc":{"start":{"line":1,"column":35},"end":{"line":1,"column":42}},"type":"default-arg","locations":[{"start":{"line":1,"column":41},"end":{"line":1,"column":42}}],"line":1},"1":{"loc":{"start":{"line":2,"column":2},"end":{"line":4,"column":3}},"type":"if","locations":[{"start":{"line":2,"column":2},"end":{"line":4,"column":3}},{"start":{},"end":{}}],"line":2}},"s":{"0":1,"1":10,"2":5,"3":5},"f":{"0":10},"b":{"0":[5],"1":[5,5]},"_coverageSchema":"1a1c01bbd47fc00a2c39e90264f33305004495a9","hash":"f401f53e3b835203d4aab0d7dfb89e33b8b85984"}
,"/Users/nickmonteleone/Documents/RPP2210/FEC/client/src/lib/relevanceCalc.jsx": {"path":"/Users/nickmonteleone/Documents/RPP2210/FEC/client/src/lib/relevanceCalc.jsx","statementMap":{"0":{"start":{"line":3,"column":23},"end":{"line":3,"column":46}},"1":{"start":{"line":4,"column":19},"end":{"line":4,"column":21}},"2":{"start":{"line":5,"column":19},"end":{"line":5,"column":21}},"3":{"start":{"line":6,"column":20},"end":{"line":6,"column":30}},"4":{"start":{"line":8,"column":16},"end":{"line":20,"column":1}},"5":{"start":{"line":10,"column":13},"end":{"line":10,"column":63}},"6":{"start":{"line":11,"column":13},"end":{"line":11,"column":63}},"7":{"start":{"line":12,"column":16},"end":{"line":12,"column":45}},"8":{"start":{"line":13,"column":16},"end":{"line":13,"column":45}},"9":{"start":{"line":14,"column":16},"end":{"line":14,"column":65}},"10":{"start":{"line":15,"column":16},"end":{"line":15,"column":65}},"11":{"start":{"line":17,"column":15},"end":{"line":17,"column":28}},"12":{"start":{"line":18,"column":15},"end":{"line":18,"column":28}},"13":{"start":{"line":19,"column":2},"end":{"line":19,"column":22}}},"fnMap":{"0":{"name":"(anonymous_0)","decl":{"start":{"line":8,"column":16},"end":{"line":8,"column":17}},"loc":{"start":{"line":8,"column":26},"end":{"line":20,"column":1}},"line":8}},"branchMap":{},"s":{"0":1,"1":1,"2":1,"3":1,"4":1,"5":10,"6":10,"7":10,"8":10,"9":10,"10":10,"11":10,"12":10,"13":10},"f":{"0":10},"b":{},"_coverageSchema":"1a1c01bbd47fc00a2c39e90264f33305004495a9","hash":"74a1ae5bcd68454c0e379c47d905aeb42a59f512"}
,"/Users/nickmonteleone/Documents/RPP2210/FEC/client/src/lib/totalCalc.jsx": {"path":"/Users/nickmonteleone/Documents/RPP2210/FEC/client/src/lib/totalCalc.jsx","statementMap":{"0":{"start":{"line":1,"column":18},"end":{"line":5,"column":1}},"1":{"start":{"line":2,"column":2},"end":{"line":4,"column":8}},"2":{"start":{"line":3,"column":4},"end":{"line":3,"column":53}}},"fnMap":{"0":{"name":"(anonymous_0)","decl":{"start":{"line":1,"column":18},"end":{"line":1,"column":19}},"loc":{"start":{"line":1,"column":30},"end":{"line":5,"column":1}},"line":1},"1":{"name":"(anonymous_1)","decl":{"start":{"line":2,"column":49},"end":{"line":2,"column":50}},"loc":{"start":{"line":2,"column":66},"end":{"line":4,"column":3}},"line":2}},"branchMap":{},"s":{"0":1,"1":7,"2":35},"f":{"0":7,"1":35},"b":{},"_coverageSchema":"1a1c01bbd47fc00a2c39e90264f33305004495a9","hash":"0a665e8a4dd154eb5181b7788b98c6e99d941ff5"}
}
